<?xml version="1.0" encoding="UTF-8"?>
<coverage generated="1785984897355" clover="3.2.0">
  <project timestamp="1785984897356" name="All files">
    <metrics statements="54" coveredstatements="46" conditionals="116" coveredconditionals="86" methods="33" coveredmethods="27" elements="203" coveredelements="159" complexity="0" loc="54" ncloc="54" packages="4" files="5" classes="5"/>
    <package name="app.login">
      <metrics statements="36" coveredstatements="28" conditionals="5" coveredconditionals="3" methods="3" coveredmethods="1"/>
      <file name="page.tsx" path="/home/ubuntu/ai-platform/frontend/app/login/page.tsx">
        <metrics statements="36" coveredstatements="28" conditionals="5" coveredconditionals="3" methods="3" coveredmethods="1"/>
        <line num="3" count="1" type="stmt"/>
        <line num="4" count="1" type="stmt"/>
        <line num="8" count="2" type="cond" truecount="1" falsecount="0"/>
        <line num="9" count="2" type="stmt"/>
        <line num="10" count="2" type="stmt"/>
        <line num="11" count="2" type="stmt"/>
        <line num="13" count="2" type="cond" truecount="1" falsecount="0"/>
        <line num="14" count="1" type="stmt"/>
        <line num="15" count="1" type="cond" truecount="1" falsecount="0"/>
        <line num="16" count="1" type="stmt"/>
        <line num="17" count="1" type="cond" truecount="0" falsecount="1"/>
        <line num="18" count="1" type="stmt"/>
        <line num="19" count="1" type="stmt"/>
        <line num="20" count="2" type="stmt"/>
        <line num="22" count="2" type="stmt"/>
        <line num="23" count="0" type="stmt"/>
        <line num="24" count="0" type="stmt"/>
        <line num="25" count="0" type="stmt"/>
        <line num="27" count="0" type="stmt"/>
        <line num="28" count="0" type="stmt"/>
        <line num="29" count="0" type="stmt"/>
        <line num="30" count="0" type="stmt"/>
        <line num="31" count="0" type="stmt"/>
        <line num="33" count="2" type="stmt"/>
        <line num="34" count="2" type="stmt"/>
        <line num="35" count="2" type="stmt"/>
        <line num="36" count="2" type="cond" truecount="0" falsecount="1"/>
        <line num="37" count="2" type="stmt"/>
        <line num="38" count="2" type="stmt"/>
        <line num="39" count="2" type="stmt"/>
        <line num="40" count="2" type="stmt"/>
        <line num="41" count="2" type="stmt"/>
        <line num="42" count="2" type="stmt"/>
        <line num="43" count="2" type="stmt"/>
        <line num="44" count="2" type="stmt"/>
        <line num="45" count="2" type="stmt"/>
      </file>
    </package>
    <package name="components">
      <metrics statements="1" coveredstatements="1" conditionals="9" coveredconditionals="8" methods="1" coveredmethods="1"/>
      <file name="AsyncState.tsx" path="/home/ubuntu/ai-platform/frontend/components/AsyncState.tsx">
        <metrics statements="1" coveredstatements="1" conditionals="9" coveredconditionals="8" methods="1" coveredmethods="1"/>
        <line num="1" count="1" type="cond" truecount="8" falsecount="1"/>
      </file>
    </package>
    <package name="features.portal">
      <metrics statements="6" coveredstatements="6" conditionals="63" coveredconditionals="44" methods="20" coveredmethods="16"/>
      <file name="ResourceScreen.tsx" path="/home/ubuntu/ai-platform/frontend/features/portal/ResourceScreen.tsx">
        <metrics statements="6" coveredstatements="6" conditionals="63" coveredconditionals="44" methods="20" coveredmethods="16"/>
        <line num="1" count="1" type="stmt"/>
        <line num="3" count="1" type="stmt"/>
        <line num="4" count="1" type="cond" truecount="11" falsecount="0"/>
        <line num="5" count="8" type="cond" truecount="1" falsecount="3"/>
        <line num="6" count="13" type="cond" truecount="1" falsecount="2"/>
        <line num="7" count="28" type="cond" truecount="31" falsecount="14"/>
      </file>
    </package>
    <package name="lib">
      <metrics statements="11" coveredstatements="11" conditionals="39" coveredconditionals="31" methods="9" coveredmethods="9"/>
      <file name="api.ts" path="/home/ubuntu/ai-platform/frontend/lib/api.ts">
        <metrics statements="6" coveredstatements="6" conditionals="22" coveredconditionals="19" methods="4" coveredmethods="4"/>
        <line num="1" count="1" type="stmt"/>
        <line num="3" count="1" type="cond" truecount="2" falsecount="0"/>
        <line num="4" count="1" type="stmt"/>
        <line num="5" count="1" type="stmt"/>
        <line num="6" count="11" type="cond" truecount="4" falsecount="1"/>
        <line num="7" count="11" type="cond" truecount="13" falsecount="2"/>
      </file>
      <file name="organization.tsx" path="/home/ubuntu/ai-platform/frontend/lib/organization.tsx">
        <metrics statements="5" coveredstatements="5" conditionals="17" coveredconditionals="12" methods="5" coveredmethods="5"/>
        <line num="1" count="1" type="stmt"/>
        <line num="2" count="1" type="stmt"/>
        <line num="3" count="1" type="cond" truecount="10" falsecount="2"/>
        <line num="4" count="1" type="cond" truecount="1" falsecount="1"/>
        <line num="5" count="1" type="cond" truecount="1" falsecount="2"/>
      </file>
    </package>
  </project>
</coverage>
