{"/home/ubuntu/ai-platform/frontend/app/login/page.tsx": {"path":"/home/ubuntu/ai-platform/frontend/app/login/page.tsx","all":false,"statementMap":{"2":{"start":{"line":3,"column":0},"end":{"line":3,"column":44}},"3":{"start":{"line":4,"column":0},"end":{"line":4,"column":32}},"7":{"start":{"line":8,"column":0},"end":{"line":8,"column":33}},"8":{"start":{"line":9,"column":0},"end":{"line":9,"column":54}},"9":{"start":{"line":10,"column":0},"end":{"line":10,"column":35}},"10":{"start":{"line":11,"column":0},"end":{"line":11,"column":41}},"12":{"start":{"line":13,"column":0},"end":{"line":13,"column":19}},"13":{"start":{"line":14,"column":0},"end":{"line":14,"column":41}},"14":{"start":{"line":15,"column":0},"end":{"line":15,"column":24}},"15":{"start":{"line":16,"column":0},"end":{"line":16,"column":24}},"16":{"start":{"line":17,"column":0},"end":{"line":17,"column":34}},"17":{"start":{"line":18,"column":0},"end":{"line":18,"column":8}},"18":{"start":{"line":19,"column":0},"end":{"line":19,"column":50}},"19":{"start":{"line":20,"column":0},"end":{"line":20,"column":9}},"21":{"start":{"line":22,"column":0},"end":{"line":22,"column":49}},"22":{"start":{"line":23,"column":0},"end":{"line":23,"column":27}},"23":{"start":{"line":24,"column":0},"end":{"line":24,"column":9}},"24":{"start":{"line":25,"column":0},"end":{"line":25,"column":96}},"26":{"start":{"line":27,"column":0},"end":{"line":27,"column":34}},"27":{"start":{"line":28,"column":0},"end":{"line":28,"column":13}},"28":{"start":{"line":29,"column":0},"end":{"line":29,"column":31}},"29":{"start":{"line":30,"column":0},"end":{"line":30,"column":5}},"30":{"start":{"line":31,"column":0},"end":{"line":31,"column":3}},"32":{"start":{"line":33,"column":0},"end":{"line":33,"column":15}},"33":{"start":{"line":34,"column":0},"end":{"line":34,"column":40}},"34":{"start":{"line":35,"column":0},"end":{"line":35,"column":34}},"35":{"start":{"line":36,"column":0},"end":{"line":36,"column":60}},"36":{"start":{"line":37,"column":0},"end":{"line":37,"column":28}},"37":{"start":{"line":38,"column":0},"end":{"line":38,"column":43}},"38":{"start":{"line":39,"column":0},"end":{"line":39,"column":83}},"39":{"start":{"line":40,"column":0},"end":{"line":40,"column":112}},"40":{"start":{"line":41,"column":0},"end":{"line":41,"column":15}},"41":{"start":{"line":42,"column":0},"end":{"line":42,"column":56}},"42":{"start":{"line":43,"column":0},"end":{"line":43,"column":11}},"43":{"start":{"line":44,"column":0},"end":{"line":44,"column":10}},"44":{"start":{"line":45,"column":0},"end":{"line":45,"column":1}}},"s":{"2":1,"3":1,"7":2,"8":2,"9":2,"10":2,"12":2,"13":1,"14":1,"15":1,"16":1,"17":1,"18":1,"19":2,"21":2,"22":0,"23":0,"24":0,"26":0,"27":0,"28":0,"29":0,"30":0,"32":2,"33":2,"34":2,"35":2,"36":2,"37":2,"38":2,"39":2,"40":2,"41":2,"42":2,"43":2,"44":2},"branchMap":{"0":{"type":"branch","line":8,"loc":{"start":{"line":8,"column":0},"end":{"line":45,"column":1}},"locations":[{"start":{"line":8,"column":0},"end":{"line":45,"column":1}}]},"1":{"type":"branch","line":36,"loc":{"start":{"line":36,"column":5},"end":{"line":36,"column":60}},"locations":[{"start":{"line":36,"column":5},"end":{"line":36,"column":60}}]},"2":{"type":"branch","line":13,"loc":{"start":{"line":13,"column":12},"end":{"line":20,"column":5}},"locations":[{"start":{"line":13,"column":12},"end":{"line":20,"column":5}}]},"3":{"type":"branch","line":15,"loc":{"start":{"line":15,"column":12},"end":{"line":18,"column":7}},"locations":[{"start":{"line":15,"column":12},"end":{"line":18,"column":7}}]},"4":{"type":"branch","line":17,"loc":{"start":{"line":17,"column":21},"end":{"line":17,"column":30}},"locations":[{"start":{"line":17,"column":21},"end":{"line":17,"column":30}}]}},"b":{"0":[2],"1":[0],"2":[1],"3":[1],"4":[0]},"fnMap":{"0":{"name":"Login","decl":{"start":{"line":8,"column":0},"end":{"line":45,"column":1}},"loc":{"start":{"line":8,"column":0},"end":{"line":45,"column":1}},"line":8},"1":{"name":"submit","decl":{"start":{"line":22,"column":2},"end":{"line":31,"column":3}},"loc":{"start":{"line":22,"column":2},"end":{"line":31,"column":3}},"line":22},"2":{"name":"onChange","decl":{"start":{"line":39,"column":45},"end":{"line":39,"column":83}},"loc":{"start":{"line":39,"column":45},"end":{"line":39,"column":83}},"line":39}},"f":{"0":2,"1":0,"2":0}}
,"/home/ubuntu/ai-platform/frontend/components/AsyncState.tsx": {"path":"/home/ubuntu/ai-platform/frontend/components/AsyncState.tsx","all":false,"statementMap":{"0":{"start":{"line":1,"column":0},"end":{"line":1,"column":393}}},"s":{"0":1},"branchMap":{"0":{"type":"branch","line":1,"loc":{"start":{"line":1,"column":39},"end":{"line":1,"column":393}},"locations":[{"start":{"line":1,"column":39},"end":{"line":1,"column":393}}]},"1":{"type":"branch","line":1,"loc":{"start":{"line":1,"column":146},"end":{"line":1,"column":200}},"locations":[{"start":{"line":1,"column":146},"end":{"line":1,"column":200}}]},"2":{"type":"branch","line":1,"loc":{"start":{"line":1,"column":195},"end":{"line":1,"column":209}},"locations":[{"start":{"line":1,"column":195},"end":{"line":1,"column":209}}]},"3":{"type":"branch","line":1,"loc":{"start":{"line":1,"column":209},"end":{"line":1,"column":330}},"locations":[{"start":{"line":1,"column":209},"end":{"line":1,"column":330}}]},"4":{"type":"branch","line":1,"loc":{"start":{"line":1,"column":290},"end":{"line":1,"column":302}},"locations":[{"start":{"line":1,"column":290},"end":{"line":1,"column":302}}]},"5":{"type":"branch","line":1,"loc":{"start":{"line":1,"column":329},"end":{"line":1,"column":381}},"locations":[{"start":{"line":1,"column":329},"end":{"line":1,"column":381}}]},"6":{"type":"branch","line":1,"loc":{"start":{"line":1,"column":329},"end":{"line":1,"column":346}},"locations":[{"start":{"line":1,"column":329},"end":{"line":1,"column":346}}]},"7":{"type":"branch","line":1,"loc":{"start":{"line":1,"column":339},"end":{"line":1,"column":381}},"locations":[{"start":{"line":1,"column":339},"end":{"line":1,"column":381}}]},"8":{"type":"branch","line":1,"loc":{"start":{"line":1,"column":376},"end":{"line":1,"column":393}},"locations":[{"start":{"line":1,"column":376},"end":{"line":1,"column":393}}]}},"b":{"0":[28],"1":[13],"2":[15],"3":[1],"4":[0],"5":[26],"6":[14],"7":[12],"8":[2]},"fnMap":{"0":{"name":"AsyncState","decl":{"start":{"line":1,"column":39},"end":{"line":1,"column":393}},"loc":{"start":{"line":1,"column":39},"end":{"line":1,"column":393}},"line":1}},"f":{"0":28}}
,"/home/ubuntu/ai-platform/frontend/features/portal/ResourceScreen.tsx": {"path":"/home/ubuntu/ai-platform/frontend/features/portal/ResourceScreen.tsx","all":false,"statementMap":{"0":{"start":{"line":1,"column":0},"end":{"line":1,"column":333}},"2":{"start":{"line":3,"column":0},"end":{"line":3,"column":37}},"3":{"start":{"line":4,"column":0},"end":{"line":4,"column":1199}},"4":{"start":{"line":5,"column":0},"end":{"line":5,"column":199}},"5":{"start":{"line":6,"column":0},"end":{"line":6,"column":111}},"6":{"start":{"line":7,"column":0},"end":{"line":7,"column":3367}}},"s":{"0":1,"2":1,"3":1,"4":8,"5":13,"6":28},"branchMap":{"0":{"type":"branch","line":4,"loc":{"start":{"line":4,"column":120},"end":{"line":4,"column":157}},"locations":[{"start":{"line":4,"column":120},"end":{"line":4,"column":157}}]},"1":{"type":"branch","line":4,"loc":{"start":{"line":4,"column":236},"end":{"line":4,"column":279}},"locations":[{"start":{"line":4,"column":236},"end":{"line":4,"column":279}}]},"2":{"type":"branch","line":4,"loc":{"start":{"line":4,"column":356},"end":{"line":4,"column":392}},"locations":[{"start":{"line":4,"column":356},"end":{"line":4,"column":392}}]},"3":{"type":"branch","line":4,"loc":{"start":{"line":4,"column":430},"end":{"line":4,"column":465}},"locations":[{"start":{"line":4,"column":430},"end":{"line":4,"column":465}}]},"4":{"type":"branch","line":4,"loc":{"start":{"line":4,"column":598},"end":{"line":4,"column":640}},"locations":[{"start":{"line":4,"column":598},"end":{"line":4,"column":640}}]},"5":{"type":"branch","line":4,"loc":{"start":{"line":4,"column":677},"end":{"line":4,"column":718}},"locations":[{"start":{"line":4,"column":677},"end":{"line":4,"column":718}}]},"6":{"type":"branch","line":4,"loc":{"start":{"line":4,"column":770},"end":{"line":4,"column":809}},"locations":[{"start":{"line":4,"column":770},"end":{"line":4,"column":809}}]},"7":{"type":"branch","line":4,"loc":{"start":{"line":4,"column":856},"end":{"line":4,"column":904}},"locations":[{"start":{"line":4,"column":856},"end":{"line":4,"column":904}}]},"8":{"type":"branch","line":4,"loc":{"start":{"line":4,"column":941},"end":{"line":4,"column":980}},"locations":[{"start":{"line":4,"column":941},"end":{"line":4,"column":980}}]},"9":{"type":"branch","line":4,"loc":{"start":{"line":4,"column":1028},"end":{"line":4,"column":1066}},"locations":[{"start":{"line":4,"column":1028},"end":{"line":4,"column":1066}}]},"10":{"type":"branch","line":4,"loc":{"start":{"line":4,"column":1125},"end":{"line":4,"column":1171}},"locations":[{"start":{"line":4,"column":1125},"end":{"line":4,"column":1171}}]},"11":{"type":"branch","line":5,"loc":{"start":{"line":5,"column":0},"end":{"line":5,"column":199}},"locations":[{"start":{"line":5,"column":0},"end":{"line":5,"column":199}}]},"12":{"type":"branch","line":5,"loc":{"start":{"line":5,"column":64},"end":{"line":5,"column":74}},"locations":[{"start":{"line":5,"column":64},"end":{"line":5,"column":74}}]},"13":{"type":"branch","line":5,"loc":{"start":{"line":5,"column":98},"end":{"line":5,"column":122}},"locations":[{"start":{"line":5,"column":98},"end":{"line":5,"column":122}}]},"14":{"type":"branch","line":5,"loc":{"start":{"line":5,"column":149},"end":{"line":5,"column":178}},"locations":[{"start":{"line":5,"column":149},"end":{"line":5,"column":178}}]},"15":{"type":"branch","line":6,"loc":{"start":{"line":6,"column":0},"end":{"line":6,"column":111}},"locations":[{"start":{"line":6,"column":0},"end":{"line":6,"column":111}}]},"16":{"type":"branch","line":6,"loc":{"start":{"line":6,"column":87},"end":{"line":6,"column":95}},"locations":[{"start":{"line":6,"column":87},"end":{"line":6,"column":95}}]},"17":{"type":"branch","line":6,"loc":{"start":{"line":6,"column":101},"end":{"line":6,"column":110}},"locations":[{"start":{"line":6,"column":101},"end":{"line":6,"column":110}}]},"18":{"type":"branch","line":7,"loc":{"start":{"line":7,"column":0},"end":{"line":7,"column":3367}},"locations":[{"start":{"line":7,"column":0},"end":{"line":7,"column":3367}}]},"19":{"type":"branch","line":7,"loc":{"start":{"line":7,"column":348},"end":{"line":7,"column":363}},"locations":[{"start":{"line":7,"column":348},"end":{"line":7,"column":363}}]},"20":{"type":"branch","line":7,"loc":{"start":{"line":7,"column":2254},"end":{"line":7,"column":2308}},"locations":[{"start":{"line":7,"column":2254},"end":{"line":7,"column":2308}}]},"21":{"type":"branch","line":7,"loc":{"start":{"line":7,"column":2299},"end":{"line":7,"column":2506}},"locations":[{"start":{"line":7,"column":2299},"end":{"line":7,"column":2506}}]},"22":{"type":"branch","line":7,"loc":{"start":{"line":7,"column":2503},"end":{"line":7,"column":2515}},"locations":[{"start":{"line":7,"column":2503},"end":{"line":7,"column":2515}}]},"23":{"type":"branch","line":7,"loc":{"start":{"line":7,"column":2507},"end":{"line":7,"column":2577}},"locations":[{"start":{"line":7,"column":2507},"end":{"line":7,"column":2577}}]},"24":{"type":"branch","line":7,"loc":{"start":{"line":7,"column":2570},"end":{"line":7,"column":3358}},"locations":[{"start":{"line":7,"column":2570},"end":{"line":7,"column":3358}}]},"25":{"type":"branch","line":7,"loc":{"start":{"line":7,"column":2631},"end":{"line":7,"column":2648}},"locations":[{"start":{"line":7,"column":2631},"end":{"line":7,"column":2648}}]},"26":{"type":"branch","line":7,"loc":{"start":{"line":7,"column":2641},"end":{"line":7,"column":2664}},"locations":[{"start":{"line":7,"column":2641},"end":{"line":7,"column":2664}}]},"27":{"type":"branch","line":7,"loc":{"start":{"line":7,"column":2677},"end":{"line":7,"column":2691}},"locations":[{"start":{"line":7,"column":2677},"end":{"line":7,"column":2691}}]},"28":{"type":"branch","line":7,"loc":{"start":{"line":7,"column":2685},"end":{"line":7,"column":2882}},"locations":[{"start":{"line":7,"column":2685},"end":{"line":7,"column":2882}}]},"29":{"type":"branch","line":7,"loc":{"start":{"line":7,"column":2894},"end":{"line":7,"column":3354}},"locations":[{"start":{"line":7,"column":2894},"end":{"line":7,"column":3354}}]},"30":{"type":"branch","line":7,"loc":{"start":{"line":7,"column":404},"end":{"line":7,"column":1205}},"locations":[{"start":{"line":7,"column":404},"end":{"line":7,"column":1205}}]},"31":{"type":"branch","line":7,"loc":{"start":{"line":7,"column":418},"end":{"line":7,"column":442}},"locations":[{"start":{"line":7,"column":418},"end":{"line":7,"column":442}}]},"32":{"type":"branch","line":7,"loc":{"start":{"line":7,"column":442},"end":{"line":7,"column":449}},"locations":[{"start":{"line":7,"column":442},"end":{"line":7,"column":449}}]},"33":{"type":"branch","line":7,"loc":{"start":{"line":7,"column":442},"end":{"line":7,"column":533}},"locations":[{"start":{"line":7,"column":442},"end":{"line":7,"column":533}}]},"34":{"type":"branch","line":7,"loc":{"start":{"line":7,"column":530},"end":{"line":7,"column":542}},"locations":[{"start":{"line":7,"column":530},"end":{"line":7,"column":542}}]},"35":{"type":"branch","line":7,"loc":{"start":{"line":7,"column":542},"end":{"line":7,"column":562}},"locations":[{"start":{"line":7,"column":542},"end":{"line":7,"column":562}}]},"36":{"type":"branch","line":7,"loc":{"start":{"line":7,"column":561},"end":{"line":7,"column":697}},"locations":[{"start":{"line":7,"column":561},"end":{"line":7,"column":697}}]},"37":{"type":"branch","line":7,"loc":{"start":{"line":7,"column":689},"end":{"line":7,"column":710}},"locations":[{"start":{"line":7,"column":689},"end":{"line":7,"column":710}}]},"38":{"type":"branch","line":7,"loc":{"start":{"line":7,"column":710},"end":{"line":7,"column":837}},"locations":[{"start":{"line":7,"column":710},"end":{"line":7,"column":837}}]},"39":{"type":"branch","line":7,"loc":{"start":{"line":7,"column":836},"end":{"line":7,"column":862}},"locations":[{"start":{"line":7,"column":836},"end":{"line":7,"column":862}}]},"40":{"type":"branch","line":7,"loc":{"start":{"line":7,"column":862},"end":{"line":7,"column":991}},"locations":[{"start":{"line":7,"column":862},"end":{"line":7,"column":991}}]},"41":{"type":"branch","line":7,"loc":{"start":{"line":7,"column":990},"end":{"line":7,"column":1014}},"locations":[{"start":{"line":7,"column":990},"end":{"line":7,"column":1014}}]},"42":{"type":"branch","line":7,"loc":{"start":{"line":7,"column":1014},"end":{"line":7,"column":1141}},"locations":[{"start":{"line":7,"column":1014},"end":{"line":7,"column":1141}}]},"43":{"type":"branch","line":7,"loc":{"start":{"line":7,"column":1140},"end":{"line":7,"column":1162}},"locations":[{"start":{"line":7,"column":1140},"end":{"line":7,"column":1162}}]},"44":{"type":"branch","line":7,"loc":{"start":{"line":7,"column":1155},"end":{"line":7,"column":1177}},"locations":[{"start":{"line":7,"column":1155},"end":{"line":7,"column":1177}}]},"45":{"type":"branch","line":7,"loc":{"start":{"line":7,"column":1176},"end":{"line":7,"column":1177}},"locations":[{"start":{"line":7,"column":1176},"end":{"line":7,"column":1177}}]},"46":{"type":"branch","line":7,"loc":{"start":{"line":7,"column":1176},"end":{"line":7,"column":1203}},"locations":[{"start":{"line":7,"column":1176},"end":{"line":7,"column":1203}}]},"47":{"type":"branch","line":7,"loc":{"start":{"line":7,"column":1256},"end":{"line":7,"column":1269}},"locations":[{"start":{"line":7,"column":1256},"end":{"line":7,"column":1269}}]},"48":{"type":"branch","line":7,"loc":{"start":{"line":7,"column":1277},"end":{"line":7,"column":2023}},"locations":[{"start":{"line":7,"column":1277},"end":{"line":7,"column":2023}}]},"49":{"type":"branch","line":7,"loc":{"start":{"line":7,"column":1473},"end":{"line":7,"column":1538}},"locations":[{"start":{"line":7,"column":1473},"end":{"line":7,"column":1538}}]},"50":{"type":"branch","line":7,"loc":{"start":{"line":7,"column":1563},"end":{"line":7,"column":1670}},"locations":[{"start":{"line":7,"column":1563},"end":{"line":7,"column":1670}}]},"51":{"type":"branch","line":7,"loc":{"start":{"line":7,"column":1707},"end":{"line":7,"column":1816}},"locations":[{"start":{"line":7,"column":1707},"end":{"line":7,"column":1816}}]},"52":{"type":"branch","line":7,"loc":{"start":{"line":7,"column":1852},"end":{"line":7,"column":1988}},"locations":[{"start":{"line":7,"column":1852},"end":{"line":7,"column":1988}}]},"53":{"type":"branch","line":7,"loc":{"start":{"line":7,"column":2000},"end":{"line":7,"column":2022}},"locations":[{"start":{"line":7,"column":2000},"end":{"line":7,"column":2022}}]},"54":{"type":"branch","line":7,"loc":{"start":{"line":7,"column":2354},"end":{"line":7,"column":2371}},"locations":[{"start":{"line":7,"column":2354},"end":{"line":7,"column":2371}}]},"55":{"type":"branch","line":7,"loc":{"start":{"line":7,"column":2382},"end":{"line":7,"column":2417}},"locations":[{"start":{"line":7,"column":2382},"end":{"line":7,"column":2417}}]},"56":{"type":"branch","line":7,"loc":{"start":{"line":7,"column":2955},"end":{"line":7,"column":2978}},"locations":[{"start":{"line":7,"column":2955},"end":{"line":7,"column":2978}}]},"57":{"type":"branch","line":7,"loc":{"start":{"line":7,"column":3055},"end":{"line":7,"column":3329}},"locations":[{"start":{"line":7,"column":3055},"end":{"line":7,"column":3329}}]},"58":{"type":"branch","line":7,"loc":{"start":{"line":7,"column":3186},"end":{"line":7,"column":3202}},"locations":[{"start":{"line":7,"column":3186},"end":{"line":7,"column":3202}}]},"59":{"type":"branch","line":7,"loc":{"start":{"line":7,"column":3198},"end":{"line":7,"column":3255}},"locations":[{"start":{"line":7,"column":3198},"end":{"line":7,"column":3255}}]},"60":{"type":"branch","line":7,"loc":{"start":{"line":7,"column":3084},"end":{"line":7,"column":3089}},"locations":[{"start":{"line":7,"column":3084},"end":{"line":7,"column":3089}}]},"61":{"type":"branch","line":7,"loc":{"start":{"line":7,"column":3105},"end":{"line":7,"column":3139}},"locations":[{"start":{"line":7,"column":3105},"end":{"line":7,"column":3139}}]},"62":{"type":"branch","line":7,"loc":{"start":{"line":7,"column":3289},"end":{"line":7,"column":3306}},"locations":[{"start":{"line":7,"column":3289},"end":{"line":7,"column":3306}}]}},"b":{"0":[1],"1":[1],"2":[1],"3":[1],"4":[1],"5":[3],"6":[1],"7":[1],"8":[1],"9":[1],"10":[1],"11":[8],"12":[0],"13":[0],"14":[0],"15":[13],"16":[0],"17":[0],"18":[28],"19":[0],"20":[1],"21":[27],"22":[2],"23":[2],"24":[25],"25":[13],"26":[13],"27":[0],"28":[0],"29":[2],"30":[15],"31":[14],"32":[1],"33":[14],"34":[1],"35":[1],"36":[13],"37":[0],"38":[0],"39":[13],"40":[1],"41":[13],"42":[1],"43":[13],"44":[0],"45":[13],"46":[14],"47":[14],"48":[1],"49":[0],"50":[0],"51":[0],"52":[0],"53":[0],"54":[2],"55":[8],"56":[8],"57":[2],"58":[0],"59":[0],"60":[0],"61":[8],"62":[1]},"fnMap":{"0":{"name":"endpoint","decl":{"start":{"line":4,"column":34},"end":{"line":4,"column":69}},"loc":{"start":{"line":4,"column":34},"end":{"line":4,"column":69}},"line":4},"1":{"name":"endpoint","decl":{"start":{"line":4,"column":120},"end":{"line":4,"column":157}},"loc":{"start":{"line":4,"column":120},"end":{"line":4,"column":157}},"line":4},"2":{"name":"endpoint","decl":{"start":{"line":4,"column":236},"end":{"line":4,"column":279}},"loc":{"start":{"line":4,"column":236},"end":{"line":4,"column":279}},"line":4},"3":{"name":"endpoint","decl":{"start":{"line":4,"column":356},"end":{"line":4,"column":392}},"loc":{"start":{"line":4,"column":356},"end":{"line":4,"column":392}},"line":4},"4":{"name":"endpoint","decl":{"start":{"line":4,"column":430},"end":{"line":4,"column":465}},"loc":{"start":{"line":4,"column":430},"end":{"line":4,"column":465}},"line":4},"5":{"name":"endpoint","decl":{"start":{"line":4,"column":520},"end":{"line":4,"column":555}},"loc":{"start":{"line":4,"column":520},"end":{"line":4,"column":555}},"line":4},"6":{"name":"endpoint","decl":{"start":{"line":4,"column":598},"end":{"line":4,"column":640}},"loc":{"start":{"line":4,"column":598},"end":{"line":4,"column":640}},"line":4},"7":{"name":"endpoint","decl":{"start":{"line":4,"column":677},"end":{"line":4,"column":718}},"loc":{"start":{"line":4,"column":677},"end":{"line":4,"column":718}},"line":4},"8":{"name":"endpoint","decl":{"start":{"line":4,"column":770},"end":{"line":4,"column":809}},"loc":{"start":{"line":4,"column":770},"end":{"line":4,"column":809}},"line":4},"9":{"name":"endpoint","decl":{"start":{"line":4,"column":856},"end":{"line":4,"column":904}},"loc":{"start":{"line":4,"column":856},"end":{"line":4,"column":904}},"line":4},"10":{"name":"endpoint","decl":{"start":{"line":4,"column":941},"end":{"line":4,"column":980}},"loc":{"start":{"line":4,"column":941},"end":{"line":4,"column":980}},"line":4},"11":{"name":"endpoint","decl":{"start":{"line":4,"column":1028},"end":{"line":4,"column":1066}},"loc":{"start":{"line":4,"column":1028},"end":{"line":4,"column":1066}},"line":4},"12":{"name":"endpoint","decl":{"start":{"line":4,"column":1125},"end":{"line":4,"column":1171}},"loc":{"start":{"line":4,"column":1125},"end":{"line":4,"column":1171}},"line":4},"13":{"name":"text","decl":{"start":{"line":5,"column":0},"end":{"line":5,"column":199}},"loc":{"start":{"line":5,"column":0},"end":{"line":5,"column":199}},"line":5},"14":{"name":"normalize","decl":{"start":{"line":6,"column":0},"end":{"line":6,"column":111}},"loc":{"start":{"line":6,"column":0},"end":{"line":6,"column":111}},"line":6},"15":{"name":"ResourceScreen","decl":{"start":{"line":7,"column":0},"end":{"line":7,"column":3367}},"loc":{"start":{"line":7,"column":0},"end":{"line":7,"column":3367}},"line":7},"16":{"name":"action","decl":{"start":{"line":7,"column":1277},"end":{"line":7,"column":2023}},"loc":{"start":{"line":7,"column":1277},"end":{"line":7,"column":2023}},"line":7},"17":{"name":"post","decl":{"start":{"line":7,"column":2023},"end":{"line":7,"column":2243}},"loc":{"start":{"line":7,"column":2023},"end":{"line":7,"column":2243}},"line":7},"18":{"name":"onChange","decl":{"start":{"line":7,"column":2814},"end":{"line":7,"column":2844}},"loc":{"start":{"line":7,"column":2814},"end":{"line":7,"column":2844}},"line":7},"19":{"name":"onClick","decl":{"start":{"line":7,"column":3289},"end":{"line":7,"column":3306}},"loc":{"start":{"line":7,"column":3289},"end":{"line":7,"column":3306}},"line":7}},"f":{"0":0,"1":1,"2":1,"3":1,"4":1,"5":0,"6":1,"7":3,"8":1,"9":1,"10":1,"11":1,"12":1,"13":8,"14":13,"15":28,"16":1,"17":0,"18":0,"19":1}}
,"/home/ubuntu/ai-platform/frontend/lib/api.ts": {"path":"/home/ubuntu/ai-platform/frontend/lib/api.ts","all":false,"statementMap":{"0":{"start":{"line":1,"column":0},"end":{"line":1,"column":81}},"2":{"start":{"line":3,"column":0},"end":{"line":3,"column":126}},"3":{"start":{"line":4,"column":0},"end":{"line":4,"column":91}},"4":{"start":{"line":5,"column":0},"end":{"line":5,"column":91}},"5":{"start":{"line":6,"column":0},"end":{"line":6,"column":166}},"6":{"start":{"line":7,"column":0},"end":{"line":7,"column":1272}}},"s":{"0":1,"2":1,"3":1,"4":1,"5":11,"6":11},"branchMap":{"0":{"type":"branch","line":3,"loc":{"start":{"line":3,"column":35},"end":{"line":3,"column":126}},"locations":[{"start":{"line":3,"column":35},"end":{"line":3,"column":126}}]},"1":{"type":"branch","line":3,"loc":{"start":{"line":3,"column":36},"end":{"line":3,"column":125}},"locations":[{"start":{"line":3,"column":36},"end":{"line":3,"column":125}}]},"2":{"type":"branch","line":6,"loc":{"start":{"line":6,"column":0},"end":{"line":6,"column":166}},"locations":[{"start":{"line":6,"column":0},"end":{"line":6,"column":166}}]},"3":{"type":"branch","line":6,"loc":{"start":{"line":6,"column":49},"end":{"line":6,"column":58}},"locations":[{"start":{"line":6,"column":49},"end":{"line":6,"column":58}}]},"4":{"type":"branch","line":6,"loc":{"start":{"line":6,"column":144},"end":{"line":6,"column":153}},"locations":[{"start":{"line":6,"column":144},"end":{"line":6,"column":153}}]},"5":{"type":"branch","line":6,"loc":{"start":{"line":6,"column":159},"end":{"line":6,"column":164}},"locations":[{"start":{"line":6,"column":159},"end":{"line":6,"column":164}}]},"6":{"type":"branch","line":6,"loc":{"start":{"line":6,"column":117},"end":{"line":6,"column":144}},"locations":[{"start":{"line":6,"column":117},"end":{"line":6,"column":144}}]},"7":{"type":"branch","line":7,"loc":{"start":{"line":7,"column":0},"end":{"line":7,"column":1272}},"locations":[{"start":{"line":7,"column":0},"end":{"line":7,"column":1272}}]},"8":{"type":"branch","line":7,"loc":{"start":{"line":7,"column":372},"end":{"line":7,"column":390}},"locations":[{"start":{"line":7,"column":372},"end":{"line":7,"column":390}}]},"9":{"type":"branch","line":7,"loc":{"start":{"line":7,"column":390},"end":{"line":7,"column":960}},"locations":[{"start":{"line":7,"column":390},"end":{"line":7,"column":960}}]},"10":{"type":"branch","line":7,"loc":{"start":{"line":7,"column":881},"end":{"line":7,"column":894}},"locations":[{"start":{"line":7,"column":881},"end":{"line":7,"column":894}}]},"11":{"type":"branch","line":7,"loc":{"start":{"line":7,"column":918},"end":{"line":7,"column":942}},"locations":[{"start":{"line":7,"column":918},"end":{"line":7,"column":942}}]},"12":{"type":"branch","line":7,"loc":{"start":{"line":7,"column":933},"end":{"line":7,"column":958}},"locations":[{"start":{"line":7,"column":933},"end":{"line":7,"column":958}}]},"13":{"type":"branch","line":7,"loc":{"start":{"line":7,"column":959},"end":{"line":7,"column":989}},"locations":[{"start":{"line":7,"column":959},"end":{"line":7,"column":989}}]},"14":{"type":"branch","line":7,"loc":{"start":{"line":7,"column":985},"end":{"line":7,"column":1004}},"locations":[{"start":{"line":7,"column":985},"end":{"line":7,"column":1004}}]},"15":{"type":"branch","line":7,"loc":{"start":{"line":7,"column":989},"end":{"line":7,"column":1019}},"locations":[{"start":{"line":7,"column":989},"end":{"line":7,"column":1019}}]},"16":{"type":"branch","line":7,"loc":{"start":{"line":7,"column":1019},"end":{"line":7,"column":1243}},"locations":[{"start":{"line":7,"column":1019},"end":{"line":7,"column":1243}}]},"17":{"type":"branch","line":7,"loc":{"start":{"line":7,"column":1062},"end":{"line":7,"column":1074}},"locations":[{"start":{"line":7,"column":1062},"end":{"line":7,"column":1074}}]},"18":{"type":"branch","line":7,"loc":{"start":{"line":7,"column":1068},"end":{"line":7,"column":1120}},"locations":[{"start":{"line":7,"column":1068},"end":{"line":7,"column":1120}}]},"19":{"type":"branch","line":7,"loc":{"start":{"line":7,"column":1114},"end":{"line":7,"column":1243}},"locations":[{"start":{"line":7,"column":1114},"end":{"line":7,"column":1243}}]},"20":{"type":"branch","line":7,"loc":{"start":{"line":7,"column":1242},"end":{"line":7,"column":1243}},"locations":[{"start":{"line":7,"column":1242},"end":{"line":7,"column":1243}}]},"21":{"type":"branch","line":7,"loc":{"start":{"line":7,"column":135},"end":{"line":7,"column":158}},"locations":[{"start":{"line":7,"column":135},"end":{"line":7,"column":158}}]}},"b":{"0":[11],"1":[11],"2":[11],"3":[0],"4":[1],"5":[10],"6":[11],"7":[11],"8":[9],"9":[7],"10":[1],"11":[1],"12":[0],"13":[2],"14":[1],"15":[1],"16":[9],"17":[7],"18":[2],"19":[1],"20":[0],"21":[1]},"fnMap":{"0":{"name":"<instance_members_initializer>","decl":{"start":{"line":3,"column":35},"end":{"line":3,"column":126}},"loc":{"start":{"line":3,"column":35},"end":{"line":3,"column":126}},"line":3},"1":{"name":"ApiError","decl":{"start":{"line":3,"column":36},"end":{"line":3,"column":125}},"loc":{"start":{"line":3,"column":36},"end":{"line":3,"column":125}},"line":3},"2":{"name":"csrf","decl":{"start":{"line":6,"column":0},"end":{"line":6,"column":166}},"loc":{"start":{"line":6,"column":0},"end":{"line":6,"column":166}},"line":6},"3":{"name":"api","decl":{"start":{"line":7,"column":0},"end":{"line":7,"column":1272}},"loc":{"start":{"line":7,"column":0},"end":{"line":7,"column":1272}},"line":7}},"f":{"0":11,"1":11,"2":11,"3":11}}
,"/home/ubuntu/ai-platform/frontend/lib/organization.tsx": {"path":"/home/ubuntu/ai-platform/frontend/lib/organization.tsx","all":false,"statementMap":{"0":{"start":{"line":1,"column":0},"end":{"line":1,"column":149}},"1":{"start":{"line":2,"column":0},"end":{"line":2,"column":196}},"2":{"start":{"line":3,"column":0},"end":{"line":3,"column":1124}},"3":{"start":{"line":4,"column":0},"end":{"line":4,"column":140}},"4":{"start":{"line":5,"column":0},"end":{"line":5,"column":121}}},"s":{"0":1,"1":1,"2":1,"3":1,"4":1},"branchMap":{"0":{"type":"branch","line":3,"loc":{"start":{"line":3,"column":7},"end":{"line":3,"column":1124}},"locations":[{"start":{"line":3,"column":7},"end":{"line":3,"column":1124}}]},"1":{"type":"branch","line":3,"loc":{"start":{"line":3,"column":209},"end":{"line":3,"column":597}},"locations":[{"start":{"line":3,"column":209},"end":{"line":3,"column":597}}]},"2":{"type":"branch","line":3,"loc":{"start":{"line":3,"column":300},"end":{"line":3,"column":436}},"locations":[{"start":{"line":3,"column":300},"end":{"line":3,"column":436}}]},"3":{"type":"branch","line":3,"loc":{"start":{"line":3,"column":434},"end":{"line":3,"column":448}},"locations":[{"start":{"line":3,"column":434},"end":{"line":3,"column":448}}]},"4":{"type":"branch","line":3,"loc":{"start":{"line":3,"column":436},"end":{"line":3,"column":479}},"locations":[{"start":{"line":3,"column":436},"end":{"line":3,"column":479}}]},"5":{"type":"branch","line":3,"loc":{"start":{"line":3,"column":472},"end":{"line":3,"column":479}},"locations":[{"start":{"line":3,"column":472},"end":{"line":3,"column":479}}]},"6":{"type":"branch","line":3,"loc":{"start":{"line":3,"column":519},"end":{"line":3,"column":569}},"locations":[{"start":{"line":3,"column":519},"end":{"line":3,"column":569}}]},"7":{"type":"branch","line":3,"loc":{"start":{"line":3,"column":414},"end":{"line":3,"column":434}},"locations":[{"start":{"line":3,"column":414},"end":{"line":3,"column":434}}]},"8":{"type":"branch","line":3,"loc":{"start":{"line":3,"column":607},"end":{"line":3,"column":652}},"locations":[{"start":{"line":3,"column":607},"end":{"line":3,"column":652}}]},"9":{"type":"branch","line":3,"loc":{"start":{"line":3,"column":628},"end":{"line":3,"column":649}},"locations":[{"start":{"line":3,"column":628},"end":{"line":3,"column":649}}]},"10":{"type":"branch","line":3,"loc":{"start":{"line":3,"column":656},"end":{"line":3,"column":939}},"locations":[{"start":{"line":3,"column":656},"end":{"line":3,"column":939}}]},"11":{"type":"branch","line":3,"loc":{"start":{"line":3,"column":959},"end":{"line":3,"column":1020}},"locations":[{"start":{"line":3,"column":959},"end":{"line":3,"column":1020}}]},"12":{"type":"branch","line":4,"loc":{"start":{"line":4,"column":7},"end":{"line":4,"column":140}},"locations":[{"start":{"line":4,"column":7},"end":{"line":4,"column":140}}]},"13":{"type":"branch","line":4,"loc":{"start":{"line":4,"column":79},"end":{"line":4,"column":127}},"locations":[{"start":{"line":4,"column":79},"end":{"line":4,"column":127}}]},"14":{"type":"branch","line":5,"loc":{"start":{"line":5,"column":7},"end":{"line":5,"column":121}},"locations":[{"start":{"line":5,"column":7},"end":{"line":5,"column":121}}]},"15":{"type":"branch","line":5,"loc":{"start":{"line":5,"column":65},"end":{"line":5,"column":80}},"locations":[{"start":{"line":5,"column":65},"end":{"line":5,"column":80}}]},"16":{"type":"branch","line":5,"loc":{"start":{"line":5,"column":115},"end":{"line":5,"column":120}},"locations":[{"start":{"line":5,"column":115},"end":{"line":5,"column":120}}]}},"b":{"0":[7],"1":[3],"2":[2],"3":[0],"4":[2],"5":[0],"6":[2],"7":[3],"8":[3],"9":[1],"10":[1],"11":[7],"12":[7],"13":[0],"14":[1],"15":[0],"16":[0]},"fnMap":{"0":{"name":"OrganizationProvider","decl":{"start":{"line":3,"column":7},"end":{"line":3,"column":1124}},"loc":{"start":{"line":3,"column":7},"end":{"line":3,"column":1124}},"line":3},"1":{"name":"refresh","decl":{"start":{"line":3,"column":209},"end":{"line":3,"column":597}},"loc":{"start":{"line":3,"column":209},"end":{"line":3,"column":597}},"line":3},"2":{"name":"switchOrganization","decl":{"start":{"line":3,"column":656},"end":{"line":3,"column":939}},"loc":{"start":{"line":3,"column":656},"end":{"line":3,"column":939}},"line":3},"3":{"name":"useOrganization","decl":{"start":{"line":4,"column":7},"end":{"line":4,"column":140}},"loc":{"start":{"line":4,"column":7},"end":{"line":4,"column":140}},"line":4},"4":{"name":"selectedProject","decl":{"start":{"line":5,"column":7},"end":{"line":5,"column":121}},"loc":{"start":{"line":5,"column":7},"end":{"line":5,"column":121}},"line":5}},"f":{"0":7,"1":3,"2":1,"3":7,"4":1}}
}
