{"/home/ubuntu/ai-platform/frontend/next.config.ts": {"path":"/home/ubuntu/ai-platform/frontend/next.config.ts","all":true,"statementMap":{"1":{"start":{"line":2,"column":0},"end":{"line":2,"column":541}},"2":{"start":{"line":3,"column":0},"end":{"line":3,"column":22}}},"s":{"1":0,"2":0},"branchMap":{"0":{"type":"branch","line":1,"loc":{"start":{"line":1,"column":604},"end":{"line":3,"column":22}},"locations":[{"start":{"line":1,"column":604},"end":{"line":3,"column":22}}]}},"b":{"0":[1]},"fnMap":{"0":{"name":"(empty-report)","decl":{"start":{"line":1,"column":604},"end":{"line":3,"column":22}},"loc":{"start":{"line":1,"column":604},"end":{"line":3,"column":22}},"line":1}},"f":{"0":1}}
,"/home/ubuntu/ai-platform/frontend/playwright.config.ts": {"path":"/home/ubuntu/ai-platform/frontend/playwright.config.ts","all":true,"statementMap":{"0":{"start":{"line":1,"column":0},"end":{"line":1,"column":503}}},"s":{"0":0},"branchMap":{"0":{"type":"branch","line":1,"loc":{"start":{"line":1,"column":503},"end":{"line":1,"column":503}},"locations":[{"start":{"line":1,"column":503},"end":{"line":1,"column":503}}]}},"b":{"0":[0]},"fnMap":{"0":{"name":"(empty-report)","decl":{"start":{"line":1,"column":503},"end":{"line":1,"column":503}},"loc":{"start":{"line":1,"column":503},"end":{"line":1,"column":503}},"line":1}},"f":{"0":0}}
,"/home/ubuntu/ai-platform/frontend/app/error.tsx": {"path":"/home/ubuntu/ai-platform/frontend/app/error.tsx","all":true,"statementMap":{"0":{"start":{"line":1,"column":0},"end":{"line":1,"column":172}}},"s":{"0":0},"branchMap":{"0":{"type":"branch","line":1,"loc":{"start":{"line":1,"column":172},"end":{"line":1,"column":172}},"locations":[{"start":{"line":1,"column":172},"end":{"line":1,"column":172}}]}},"b":{"0":[0]},"fnMap":{"0":{"name":"(empty-report)","decl":{"start":{"line":1,"column":172},"end":{"line":1,"column":172}},"loc":{"start":{"line":1,"column":172},"end":{"line":1,"column":172}},"line":1}},"f":{"0":0}}
,"/home/ubuntu/ai-platform/frontend/app/layout.tsx": {"path":"/home/ubuntu/ai-platform/frontend/app/layout.tsx","all":true,"statementMap":{"0":{"start":{"line":1,"column":0},"end":{"line":1,"column":339}}},"s":{"0":0},"branchMap":{"0":{"type":"branch","line":1,"loc":{"start":{"line":1,"column":339},"end":{"line":1,"column":339}},"locations":[{"start":{"line":1,"column":339},"end":{"line":1,"column":339}}]}},"b":{"0":[0]},"fnMap":{"0":{"name":"(empty-report)","decl":{"start":{"line":1,"column":339},"end":{"line":1,"column":339}},"loc":{"start":{"line":1,"column":339},"end":{"line":1,"column":339}},"line":1}},"f":{"0":0}}
,"/home/ubuntu/ai-platform/frontend/app/not-found.tsx": {"path":"/home/ubuntu/ai-platform/frontend/app/not-found.tsx","all":true,"statementMap":{"0":{"start":{"line":1,"column":0},"end":{"line":1,"column":87}}},"s":{"0":0},"branchMap":{"0":{"type":"branch","line":1,"loc":{"start":{"line":1,"column":87},"end":{"line":1,"column":87}},"locations":[{"start":{"line":1,"column":87},"end":{"line":1,"column":87}}]}},"b":{"0":[0]},"fnMap":{"0":{"name":"(empty-report)","decl":{"start":{"line":1,"column":87},"end":{"line":1,"column":87}},"loc":{"start":{"line":1,"column":87},"end":{"line":1,"column":87}},"line":1}},"f":{"0":0}}
,"/home/ubuntu/ai-platform/frontend/app/page.tsx": {"path":"/home/ubuntu/ai-platform/frontend/app/page.tsx","all":true,"statementMap":{"0":{"start":{"line":1,"column":0},"end":{"line":1,"column":1134}}},"s":{"0":0},"branchMap":{"0":{"type":"branch","line":1,"loc":{"start":{"line":1,"column":1134},"end":{"line":1,"column":1134}},"locations":[{"start":{"line":1,"column":1134},"end":{"line":1,"column":1134}}]}},"b":{"0":[0]},"fnMap":{"0":{"name":"(empty-report)","decl":{"start":{"line":1,"column":1134},"end":{"line":1,"column":1134}},"loc":{"start":{"line":1,"column":1134},"end":{"line":1,"column":1134}},"line":1}},"f":{"0":0}}
,"/home/ubuntu/ai-platform/frontend/app/[section]/page.tsx": {"path":"/home/ubuntu/ai-platform/frontend/app/[section]/page.tsx","all":true,"statementMap":{"0":{"start":{"line":1,"column":0},"end":{"line":1,"column":212}}},"s":{"0":0},"branchMap":{"0":{"type":"branch","line":1,"loc":{"start":{"line":1,"column":0},"end":{"line":1,"column":212}},"locations":[{"start":{"line":1,"column":0},"end":{"line":1,"column":212}}]}},"b":{"0":[0]},"fnMap":{"0":{"name":"(empty-report)","decl":{"start":{"line":1,"column":0},"end":{"line":1,"column":212}},"loc":{"start":{"line":1,"column":0},"end":{"line":1,"column":212}},"line":1}},"f":{"0":0}}
,"/home/ubuntu/ai-platform/frontend/app/[section]/[id]/page.tsx": {"path":"/home/ubuntu/ai-platform/frontend/app/[section]/[id]/page.tsx","all":true,"statementMap":{"0":{"start":{"line":1,"column":0},"end":{"line":1,"column":1018}}},"s":{"0":0},"branchMap":{"0":{"type":"branch","line":1,"loc":{"start":{"line":1,"column":0},"end":{"line":1,"column":1018}},"locations":[{"start":{"line":1,"column":0},"end":{"line":1,"column":1018}}]}},"b":{"0":[0]},"fnMap":{"0":{"name":"(empty-report)","decl":{"start":{"line":1,"column":0},"end":{"line":1,"column":1018}},"loc":{"start":{"line":1,"column":0},"end":{"line":1,"column":1018}},"line":1}},"f":{"0":0}}
,"/home/ubuntu/ai-platform/frontend/app/login/page.tsx": {"path":"/home/ubuntu/ai-platform/frontend/app/login/page.tsx","all":false,"statementMap":{"0":{"start":{"line":1,"column":0},"end":{"line":1,"column":1050}}},"s":{"0":1},"branchMap":{"0":{"type":"branch","line":1,"loc":{"start":{"line":1,"column":169},"end":{"line":1,"column":1050}},"locations":[{"start":{"line":1,"column":169},"end":{"line":1,"column":1050}}]},"1":{"type":"branch","line":1,"loc":{"start":{"line":1,"column":716},"end":{"line":1,"column":769}},"locations":[{"start":{"line":1,"column":716},"end":{"line":1,"column":769}}]},"2":{"type":"branch","line":1,"loc":{"start":{"line":1,"column":322},"end":{"line":1,"column":438}},"locations":[{"start":{"line":1,"column":322},"end":{"line":1,"column":438}}]},"3":{"type":"branch","line":1,"loc":{"start":{"line":1,"column":362},"end":{"line":1,"column":394}},"locations":[{"start":{"line":1,"column":362},"end":{"line":1,"column":394}}]},"4":{"type":"branch","line":1,"loc":{"start":{"line":1,"column":383},"end":{"line":1,"column":390}},"locations":[{"start":{"line":1,"column":383},"end":{"line":1,"column":390}}]}},"b":{"0":[2],"1":[0],"2":[1],"3":[1],"4":[0]},"fnMap":{"0":{"name":"Login","decl":{"start":{"line":1,"column":169},"end":{"line":1,"column":1050}},"loc":{"start":{"line":1,"column":169},"end":{"line":1,"column":1050}},"line":1},"1":{"name":"submit","decl":{"start":{"line":1,"column":442},"end":{"line":1,"column":636}},"loc":{"start":{"line":1,"column":442},"end":{"line":1,"column":636}},"line":1},"2":{"name":"onChange","decl":{"start":{"line":1,"column":869},"end":{"line":1,"column":896}},"loc":{"start":{"line":1,"column":869},"end":{"line":1,"column":896}},"line":1}},"f":{"0":2,"1":0,"2":0}}
,"/home/ubuntu/ai-platform/frontend/app/projects/page.tsx": {"path":"/home/ubuntu/ai-platform/frontend/app/projects/page.tsx","all":true,"statementMap":{"0":{"start":{"line":1,"column":0},"end":{"line":1,"column":1202}}},"s":{"0":0},"branchMap":{"0":{"type":"branch","line":1,"loc":{"start":{"line":1,"column":1202},"end":{"line":1,"column":1202}},"locations":[{"start":{"line":1,"column":1202},"end":{"line":1,"column":1202}}]}},"b":{"0":[0]},"fnMap":{"0":{"name":"(empty-report)","decl":{"start":{"line":1,"column":1202},"end":{"line":1,"column":1202}},"loc":{"start":{"line":1,"column":1202},"end":{"line":1,"column":1202}},"line":1}},"f":{"0":0}}
,"/home/ubuntu/ai-platform/frontend/app/projects/[id]/page.tsx": {"path":"/home/ubuntu/ai-platform/frontend/app/projects/[id]/page.tsx","all":true,"statementMap":{"0":{"start":{"line":1,"column":0},"end":{"line":1,"column":1349}}},"s":{"0":0},"branchMap":{"0":{"type":"branch","line":1,"loc":{"start":{"line":1,"column":0},"end":{"line":1,"column":1349}},"locations":[{"start":{"line":1,"column":0},"end":{"line":1,"column":1349}}]}},"b":{"0":[0]},"fnMap":{"0":{"name":"(empty-report)","decl":{"start":{"line":1,"column":0},"end":{"line":1,"column":1349}},"loc":{"start":{"line":1,"column":0},"end":{"line":1,"column":1349}},"line":1}},"f":{"0":0}}
,"/home/ubuntu/ai-platform/frontend/components/AsyncState.tsx": {"path":"/home/ubuntu/ai-platform/frontend/components/AsyncState.tsx","all":true,"statementMap":{"0":{"start":{"line":1,"column":0},"end":{"line":1,"column":393}}},"s":{"0":0},"branchMap":{"0":{"type":"branch","line":1,"loc":{"start":{"line":1,"column":393},"end":{"line":1,"column":393}},"locations":[{"start":{"line":1,"column":393},"end":{"line":1,"column":393}}]}},"b":{"0":[0]},"fnMap":{"0":{"name":"(empty-report)","decl":{"start":{"line":1,"column":393},"end":{"line":1,"column":393}},"loc":{"start":{"line":1,"column":393},"end":{"line":1,"column":393}},"line":1}},"f":{"0":0}}
,"/home/ubuntu/ai-platform/frontend/components/Shell.tsx": {"path":"/home/ubuntu/ai-platform/frontend/components/Shell.tsx","all":true,"statementMap":{"0":{"start":{"line":1,"column":0},"end":{"line":1,"column":205}},"1":{"start":{"line":2,"column":0},"end":{"line":2,"column":341}},"2":{"start":{"line":3,"column":0},"end":{"line":3,"column":1215}}},"s":{"0":0,"1":0,"2":0},"branchMap":{"0":{"type":"branch","line":1,"loc":{"start":{"line":1,"column":1763},"end":{"line":3,"column":1215}},"locations":[{"start":{"line":1,"column":1763},"end":{"line":3,"column":1215}}]}},"b":{"0":[0]},"fnMap":{"0":{"name":"(empty-report)","decl":{"start":{"line":1,"column":1763},"end":{"line":3,"column":1215}},"loc":{"start":{"line":1,"column":1763},"end":{"line":3,"column":1215}},"line":1}},"f":{"0":0}}
,"/home/ubuntu/ai-platform/frontend/features/portal/ResourceScreen.tsx": {"path":"/home/ubuntu/ai-platform/frontend/features/portal/ResourceScreen.tsx","all":true,"statementMap":{"0":{"start":{"line":1,"column":0},"end":{"line":1,"column":333}},"2":{"start":{"line":3,"column":0},"end":{"line":3,"column":37}},"3":{"start":{"line":4,"column":0},"end":{"line":4,"column":1199}},"4":{"start":{"line":5,"column":0},"end":{"line":5,"column":199}},"5":{"start":{"line":6,"column":0},"end":{"line":6,"column":111}},"6":{"start":{"line":7,"column":0},"end":{"line":7,"column":3367}}},"s":{"0":0,"2":0,"3":0,"4":0,"5":0,"6":0},"branchMap":{"0":{"type":"branch","line":1,"loc":{"start":{"line":1,"column":5418},"end":{"line":7,"column":3367}},"locations":[{"start":{"line":1,"column":5418},"end":{"line":7,"column":3367}}]}},"b":{"0":[0]},"fnMap":{"0":{"name":"(empty-report)","decl":{"start":{"line":1,"column":5418},"end":{"line":7,"column":3367}},"loc":{"start":{"line":1,"column":5418},"end":{"line":7,"column":3367}},"line":1}},"f":{"0":0}}
,"/home/ubuntu/ai-platform/frontend/lib/api.ts": {"path":"/home/ubuntu/ai-platform/frontend/lib/api.ts","all":false,"statementMap":{"0":{"start":{"line":1,"column":0},"end":{"line":1,"column":81}},"2":{"start":{"line":3,"column":0},"end":{"line":3,"column":126}},"3":{"start":{"line":4,"column":0},"end":{"line":4,"column":91}},"4":{"start":{"line":5,"column":0},"end":{"line":5,"column":91}},"5":{"start":{"line":6,"column":0},"end":{"line":6,"column":166}},"6":{"start":{"line":7,"column":0},"end":{"line":7,"column":1272}}},"s":{"0":1,"2":1,"3":1,"4":1,"5":1,"6":1},"branchMap":{"0":{"type":"branch","line":3,"loc":{"start":{"line":3,"column":36},"end":{"line":3,"column":125}},"locations":[{"start":{"line":3,"column":36},"end":{"line":3,"column":125}}]},"1":{"type":"branch","line":6,"loc":{"start":{"line":6,"column":0},"end":{"line":6,"column":166}},"locations":[{"start":{"line":6,"column":0},"end":{"line":6,"column":166}}]},"2":{"type":"branch","line":6,"loc":{"start":{"line":6,"column":49},"end":{"line":6,"column":58}},"locations":[{"start":{"line":6,"column":49},"end":{"line":6,"column":58}}]},"3":{"type":"branch","line":6,"loc":{"start":{"line":6,"column":144},"end":{"line":6,"column":153}},"locations":[{"start":{"line":6,"column":144},"end":{"line":6,"column":153}}]},"4":{"type":"branch","line":6,"loc":{"start":{"line":6,"column":117},"end":{"line":6,"column":144}},"locations":[{"start":{"line":6,"column":117},"end":{"line":6,"column":144}}]},"5":{"type":"branch","line":7,"loc":{"start":{"line":7,"column":0},"end":{"line":7,"column":1272}},"locations":[{"start":{"line":7,"column":0},"end":{"line":7,"column":1272}}]},"6":{"type":"branch","line":7,"loc":{"start":{"line":7,"column":881},"end":{"line":7,"column":894}},"locations":[{"start":{"line":7,"column":881},"end":{"line":7,"column":894}}]},"7":{"type":"branch","line":7,"loc":{"start":{"line":7,"column":918},"end":{"line":7,"column":942}},"locations":[{"start":{"line":7,"column":918},"end":{"line":7,"column":942}}]},"8":{"type":"branch","line":7,"loc":{"start":{"line":7,"column":933},"end":{"line":7,"column":958}},"locations":[{"start":{"line":7,"column":933},"end":{"line":7,"column":958}}]},"9":{"type":"branch","line":7,"loc":{"start":{"line":7,"column":959},"end":{"line":7,"column":1004}},"locations":[{"start":{"line":7,"column":959},"end":{"line":7,"column":1004}}]},"10":{"type":"branch","line":7,"loc":{"start":{"line":7,"column":989},"end":{"line":7,"column":1019}},"locations":[{"start":{"line":7,"column":989},"end":{"line":7,"column":1019}}]},"11":{"type":"branch","line":7,"loc":{"start":{"line":7,"column":1068},"end":{"line":7,"column":1243}},"locations":[{"start":{"line":7,"column":1068},"end":{"line":7,"column":1243}}]}},"b":{"0":[1],"1":[1],"2":[0],"3":[0],"4":[1],"5":[1],"6":[0],"7":[0],"8":[0],"9":[0],"10":[0],"11":[0]},"fnMap":{"0":{"name":"ApiError","decl":{"start":{"line":3,"column":36},"end":{"line":3,"column":125}},"loc":{"start":{"line":3,"column":36},"end":{"line":3,"column":125}},"line":3},"1":{"name":"csrf","decl":{"start":{"line":6,"column":0},"end":{"line":6,"column":166}},"loc":{"start":{"line":6,"column":0},"end":{"line":6,"column":166}},"line":6},"2":{"name":"api","decl":{"start":{"line":7,"column":0},"end":{"line":7,"column":1272}},"loc":{"start":{"line":7,"column":0},"end":{"line":7,"column":1272}},"line":7}},"f":{"0":1,"1":1,"2":1}}
,"/home/ubuntu/ai-platform/frontend/lib/contracts.ts": {"path":"/home/ubuntu/ai-platform/frontend/lib/contracts.ts","all":true,"statementMap":{},"s":{},"branchMap":{"0":{"type":"branch","line":1,"loc":{"start":{"line":1,"column":924},"end":{"line":13,"column":85}},"locations":[{"start":{"line":1,"column":924},"end":{"line":13,"column":85}}]}},"b":{"0":[1]},"fnMap":{"0":{"name":"(empty-report)","decl":{"start":{"line":1,"column":924},"end":{"line":13,"column":85}},"loc":{"start":{"line":1,"column":924},"end":{"line":13,"column":85}},"line":1}},"f":{"0":1}}
,"/home/ubuntu/ai-platform/frontend/lib/organization.tsx": {"path":"/home/ubuntu/ai-platform/frontend/lib/organization.tsx","all":true,"statementMap":{"0":{"start":{"line":1,"column":0},"end":{"line":1,"column":149}},"1":{"start":{"line":2,"column":0},"end":{"line":2,"column":196}},"2":{"start":{"line":3,"column":0},"end":{"line":3,"column":1124}},"3":{"start":{"line":4,"column":0},"end":{"line":4,"column":140}},"4":{"start":{"line":5,"column":0},"end":{"line":5,"column":121}}},"s":{"0":0,"1":0,"2":0,"3":0,"4":0},"branchMap":{"0":{"type":"branch","line":1,"loc":{"start":{"line":1,"column":1734},"end":{"line":5,"column":121}},"locations":[{"start":{"line":1,"column":1734},"end":{"line":5,"column":121}}]}},"b":{"0":[0]},"fnMap":{"0":{"name":"(empty-report)","decl":{"start":{"line":1,"column":1734},"end":{"line":5,"column":121}},"loc":{"start":{"line":1,"column":1734},"end":{"line":5,"column":121}},"line":1}},"f":{"0":0}}
,"/home/ubuntu/ai-platform/frontend/lib/generated/api.ts": {"path":"/home/ubuntu/ai-platform/frontend/lib/generated/api.ts","all":true,"statementMap":{},"s":{},"branchMap":{"0":{"type":"branch","line":1,"loc":{"start":{"line":1,"column":128791},"end":{"line":4505,"column":1}},"locations":[{"start":{"line":1,"column":128791},"end":{"line":4505,"column":1}}]}},"b":{"0":[1]},"fnMap":{"0":{"name":"(empty-report)","decl":{"start":{"line":1,"column":128791},"end":{"line":4505,"column":1}},"loc":{"start":{"line":1,"column":128791},"end":{"line":4505,"column":1}},"line":1}},"f":{"0":1}}
}
